<?xml version="1.0" encoding="UTF-8"?>
<!-- Generated by org.testng.reporters.JUnitXMLReporter -->
<testsuite ignored="1" hostname="LAPTOP-FGFTID5C" failures="0" tests="4" name="ParameterTestTwo" time="6.5" errors="0" timestamp="2024-08-29T05:11:18 IST">
  <testcase classname="firstTestNG.parameterstest" name="Launchapp" time="1.988"/>
  <testcase classname="firstTestNG.parameterstest" name="EnterLoginDetails" time="1.562"/>
  <testcase classname="firstTestNG.parameterstest" name="NavigatetoMyInfo" time="1.492"/>
  <testcase classname="firstTestNG.parameterstest" name="verifyInfo" time="0.321"/>
  <testcase classname="firstTestNG.parameterstest" name="verifyLogin" time="0.0">
    <ignored/>
  </testcase> <!-- verifyLogin -->
</testsuite> <!-- ParameterTestTwo -->
