<?xml version="1.0" encoding="UTF-8"?>
<!-- Generated by org.testng.reporters.JUnitXMLReporter -->
<testsuite ignored="1" hostname="LAPTOP-FGFTID5C" failures="0" tests="4" name="ParameterTest" time="9.137" errors="0" timestamp="2024-08-29T05:11:11 IST">
  <testcase classname="firstTestNG.parameterstest" name="Launchapp" time="2.299"/>
  <testcase classname="firstTestNG.parameterstest" name="EnterLoginDetails" time="0.52"/>
  <testcase classname="firstTestNG.parameterstest" name="NavigatetoMyInfo" time="2.473"/>
  <testcase classname="firstTestNG.parameterstest" name="verifyLogin" time="1.092"/>
  <testcase classname="firstTestNG.parameterstest" name="verifyInfo" time="0.0">
    <ignored/>
  </testcase> <!-- verifyInfo -->
</testsuite> <!-- ParameterTest -->
