<?xml version="1.0" encoding="UTF-8"?>
<!-- Generated by org.testng.reporters.JUnitXMLReporter -->
<testsuite ignored="0" hostname="LAPTOP-FGFTID5C" failures="0" tests="3" name="Default test" time="1.034" errors="0" timestamp="2024-09-03T16:34:00 IST">
  <testcase classname="dataProvider.UsingCDP" name="fetchData" time="0.006"/>
  <testcase classname="dataProvider.UsingCDP" name="fetchData" time="0.001"/>
  <testcase classname="dataProvider.UsingCDP" name="fetchData" time="0.001"/>
</testsuite> <!-- Default test -->
