<?xml version="1.0" encoding="UTF-8"?>
<!-- Generated by org.testng.reporters.JUnitXMLReporter -->
<testsuite ignored="1" hostname="LAPTOP-FGFTID5C" failures="0" tests="4" name="ParamTestTwo" time="20.449" errors="0" timestamp="2024-08-27T15:43:35 IST">
  <testcase classname="firstTestNG.parameterstest" name="Launchapp" time="14.161"/>
  <testcase classname="firstTestNG.parameterstest" name="enterLoginDetails" time="2.641"/>
  <testcase classname="firstTestNG.parameterstest" name="NavigatetoMyInfo" time="2.321"/>
  <testcase classname="firstTestNG.parameterstest" name="verifyInfo" time="0.382"/>
  <testcase classname="firstTestNG.parameterstest" name="verifyLogin" time="0.0">
    <ignored/>
  </testcase> <!-- verifyLogin -->
</testsuite> <!-- ParamTestTwo -->
