<?xml version="1.0" encoding="UTF-8"?>
<testng-results ignored="0" total="3" passed="3" failed="0" skipped="0">
  <reporter-output>
  </reporter-output>
  <suite started-at="2024-09-25T06:08:35 IST" name="SampleTest" finished-at="2024-09-25T06:08:35 IST" duration-ms="50">
    <groups>
    </groups>
    <test started-at="2024-09-25T06:08:35 IST" name="Sample" finished-at="2024-09-25T06:08:35 IST" duration-ms="50">
      <class name="firstTestNG.sampletest">
        <test-method signature="test1()[pri:1, instance:firstTestNG.sampletest@2dc54ad4]" started-at="2024-09-25T06:08:35 IST" name="test1" finished-at="2024-09-25T06:08:35 IST" duration-ms="0" status="PASS">
          <reporter-output>
          </reporter-output>
        </test-method> <!-- test1 -->
        <test-method signature="test2()[pri:0, instance:firstTestNG.sampletest@2dc54ad4]" started-at="2024-09-25T06:08:35 IST" name="test2" finished-at="2024-09-25T06:08:35 IST" depends-on-methods="firstTestNG.sampletest.test1" duration-ms="1" status="PASS">
          <reporter-output>
          </reporter-output>
        </test-method> <!-- test2 -->
        <test-method signature="test3()[pri:0, instance:firstTestNG.sampletest@2dc54ad4]" started-at="2024-09-25T06:08:35 IST" name="test3" finished-at="2024-09-25T06:08:35 IST" depends-on-methods="firstTestNG.sampletest.test2" duration-ms="0" status="PASS">
          <reporter-output>
          </reporter-output>
        </test-method> <!-- test3 -->
      </class> <!-- firstTestNG.sampletest -->
    </test> <!-- Sample -->
  </suite> <!-- SampleTest -->
</testng-results>
