<?xml version="1.0" encoding="UTF-8"?>
<!-- Generated by org.testng.reporters.JUnitXMLReporter -->
<testsuite ignored="0" hostname="LAPTOP-FGFTID5C" failures="0" tests="3" name="Sample" time="0.048" errors="0" timestamp="2024-08-27T16:43:18 IST">
  <testcase classname="firstTestNG.sampletest" name="test1" time="0.007"/>
  <testcase classname="firstTestNG.sampletest" name="test2" time="0.001"/>
  <testcase classname="firstTestNG.sampletest" name="test3" time="0.002"/>
</testsuite> <!-- Sample -->
