<?xml version="1.0" encoding="UTF-8"?>
<!-- Generated by org.testng.reporters.JUnitXMLReporter -->
<testsuite ignored="3" hostname="LAPTOP-FGFTID5C" failures="0" tests="5" name="TestOne(failed)" time="2.128" errors="0" timestamp="2024-08-25T07:36:21 IST">
  <testcase classname="firstTestNG.skips" name="startbrowser" time="0.012"/>
  <testcase classname="firstTestNG.skips" name="verifyTitle" time="0.001"/>
  <testcase classname="firstTestNG.skips" name="closebrowser" time="0.001"/>
  <testcase classname="firstTestNG.softAsserts" name="startbrowser" time="2.049"/>
  <testcase classname="firstTestNG.softAsserts" name="verifyTitle" time="0.011"/>
  <testcase classname="firstTestNG.softAsserts" name="verifyURL" time="0.0">
    <ignored/>
  </testcase> <!-- verifyURL -->
  <testcase classname="firstTestNG.skips" name="verifyURL" time="0.0">
    <ignored/>
  </testcase> <!-- verifyURL -->
  <testcase classname="firstTestNG.softAsserts" name="closebrowser" time="0.0">
    <ignored/>
  </testcase> <!-- closebrowser -->
</testsuite> <!-- TestOne(failed) -->
